<?xml version="1.0" encoding="UTF-8"?>
<!-- Generated by org.testng.reporters.JUnitXMLReporter -->
<testsuite ignored="0" hostname="DESKTOP-5M24EDH" failures="0" tests="4" name="ModuleTwoTest" time="0.13" errors="0" timestamp="2023-05-10T15:05:53 IST">
  <testcase classname="parallelScripts.SampleThreeTest" name="testOne" time="0.014"/>
  <testcase classname="parallelScripts.SampleThreeTest" name="testfour" time="0.003"/>
  <testcase classname="parallelScripts.SampleThreeTest" name="testthree" time="0.002"/>
  <testcase classname="parallelScripts.SampleThreeTest" name="testtwo" time="0.003"/>
</testsuite> <!-- ModuleTwoTest -->
